<?xml version="1.0" encoding="UTF-8"?>
<!-- Generated by org.testng.reporters.JUnitXMLReporter -->
<testsuite ignored="0" hostname="LSIDUDUZOM" failures="0" tests="10" name="Default test" time="27.549" errors="0" timestamp="2021-08-08T19:41:45 SAST">
  <testcase classname="mamaMoney.palindrome.tests.PalandromeTest" name="Case_Sensetive_Word_All_Letters_That_Is_A_Palandrome" time="3.371"/>
  <testcase classname="mamaMoney.palindrome.tests.PalandromeTest" name="Date_That_Is_A_Palandrome" time="4.413"/>
  <testcase classname="mamaMoney.palindrome.tests.PalandromeTest" name="Date_That_Is_Not_A_Palandrome" time="1.642"/>
  <testcase classname="mamaMoney.palindrome.tests.PalandromeTest" name="First_Letter_Case_Sensetive_Word_That_Is_Not_Palandrome" time="1.668"/>
  <testcase classname="mamaMoney.palindrome.tests.PalandromeTest" name="Mixture_Of_Character_And_Numbers_That_Is_A_Palandrome" time="0.607"/>
  <testcase classname="mamaMoney.palindrome.tests.PalandromeTest" name="Number_That_Is_A_Palandrome" time="7.046"/>
  <testcase classname="mamaMoney.palindrome.tests.PalandromeTest" name="Number_That_Is_Not_A_Palandrome" time="0.745"/>
  <testcase classname="mamaMoney.palindrome.tests.PalandromeTest" name="Phrase_That_Is_A_Palandrome" time="2.588"/>
  <testcase classname="mamaMoney.palindrome.tests.PalandromeTest" name="Word_That_Is_A_Palandrome" time="0.594"/>
  <testcase classname="mamaMoney.palindrome.tests.PalandromeTest" name="Word_That_Is_Not_A_Palandrome" time="1.756"/>
</testsuite> <!-- Default test -->
